Drill Listing
=============
Drill: .01575  Tool: 1  Feed: 95  Speed: 300
X 105000  Y 120000
X 108500  Y 127000
X 122500  Y 105000
X 135000  Y 125000
X 135000  Y 115000
X 145000  Y 115000
X 145000  Y 125000
X 160000  Y 125500
X 165000  Y 120000
X 170000  Y 115000
X 178000  Y 125500
X 183235  Y 121764
X 183500  Y 114000
X 186000  Y 103000
X 198000  Y 122500
X 202000  Y 117500
X 203500  Y 122000
X 221000  Y 111000
X 222000  Y 106500
X 230000  Y 110500
X 236000  Y 121500
X 240000  Y 117500
X 242000  Y 106500
X 245235  Y 121235
X 258000  Y 114000
X 264000  Y 106500
X 280500  Y 114500
X 289533  Y 112423
X 303011  Y 111932
X 314951  Y 112404
X 316000  Y 121000
X 321000  Y 124000
X 324500  Y 115500
X 330000  Y 103500
X 333500  Y 106500
X 343928  Y 127928
X 361173  Y 105000
X 365500  Y 103000
X 369197  Y 113698
X 371756  Y 124256
X 412500  Y 105000
X 419500  Y 124500
X 425000  Y 105000
X 442500  Y 125000
X 442500  Y 137500
X 442500  Y 150000
X 433000  Y 141500
X 423485  Y 134014
X 413500  Y 151000
X 408042  Y 129266
X 387055  Y 146250
X 377500  Y 150799
X 369000  Y 131000
X 362500  Y 141500
X 359000  Y 150843
X 354283  Y 134500
X 346500  Y 131500
X 339500  Y 144500
X 321000  Y 140000
X 318735  Y 148264
X 312500  Y 151000
X 310000  Y 137500
X 300000  Y 137500
X 290000  Y 137500
X 280500  Y 152000
X 277000  Y 148500
X 267500  Y 144000
X 264500  Y 150000
X 249686  Y 147313
X 237808  Y 148165
X 233000  Y 152328
X 228656  Y 151999
X 221000  Y 129500
X 209500  Y 145000
X 207500  Y 151671
X 207500  Y 135000
X 201500  Y 131500
X 193500  Y 146000
X 188500  Y 132000
X 188500  Y 139000
X 174500  Y 129000
X 173000  Y 147000
X 172735  Y 139735
X 168500  Y 135000
X 148000  Y 130500
X 146000  Y 136500
X 125000  Y 135000
X 105000  Y 174000
X 124500  Y 174000
X 126156  Y 169514
X 127308  Y 157656
X 130000  Y 153500
X 131507  Y 162656
X 132500  Y 171000
X 171428  Y 157571
X 174000  Y 154000
X 198500  Y 159000
X 199142  Y 154499
X 251500  Y 157656
X 257209  Y 157566
X 275700  Y 175500
X 279500  Y 173156
X 286663  Y 157206
X 310500  Y 165500
X 312500  Y 159000
X 318843  Y 162500
X 324500  Y 159500
X 327321  Y 162821
X 327488  Y 175488
X 338499  Y 173156
X 339000  Y 177500
X 345601  Y 171778
X 351655  Y 177721
X 353500  Y 164500
X 353944  Y 169745
X 370288  Y 168500
X 385000  Y 162500
X 385000  Y 175000
X 397500  Y 175000
X 400000  Y 157500
X 407500  Y 155000
X 407500  Y 162500
X 442500  Y 177500
X 442500  Y 165000
X 442500  Y 200000
X 442500  Y 190000
X 402500  Y 187500
X 394650  Y 196550
X 389000  Y 184500
X 388307  Y 196349
X 386373  Y 200312
X 385067  Y 190901
X 361797  Y 192297
X 352433  Y 193176
X 351500  Y 199500
X 348245  Y 195130
X 343444  Y 192022
X 342800  Y 198656
X 338867  Y 196132
X 336549  Y 192308
X 332656  Y 179290
X 319500  Y 180000
X 312757  Y 189999
X 310000  Y 199500
X 307156  Y 188313
X 306771  Y 183969
X 296000  Y 186213
X 284500  Y 187500
X 283500  Y 200500
X 276000  Y 199166
X 271456  Y 178822
X 267500  Y 201985
X 261938  Y 200350
X 261651  Y 183642
X 255499  Y 180822
X 251963  Y 195697
X 235500  Y 191500
X 235000  Y 197500
X 223500  Y 186822
X 207500  Y 201500
X 204843  Y 184171
X 200500  Y 184822
X 198000  Y 199224
X 196612  Y 187077
X 196499  Y 182734
X 188500  Y 187000
X 162000  Y 194000
X 158959  Y 184870
X 158000  Y 199000
X 156656  Y 192656
X 154178  Y 201321
X 153353  Y 178676
X 149631  Y 181096
X 148000  Y 195500
X 144272  Y 197914
X 144257  Y 193100
X 141288  Y 181401
X 138321  Y 184870
X 131603  Y 202427
X 129500  Y 192500
X 126500  Y 188500
X 123000  Y 183000
X 115500  Y 198000
X 111928  Y 200571
X 104828  Y 220000
X 137946  Y 204402
X 142499  Y 223011
X 143364  Y 207955
X 149299  Y 218299
X 149707  Y 209955
X 155642  Y 220000
X 160156  Y 211656
X 162500  Y 218000
X 163230  Y 206655
X 167000  Y 212500
X 170149  Y 204156
X 171843  Y 213156
X 172500  Y 217500
X 179794  Y 206406
X 182343  Y 221343
X 184000  Y 214000
X 190429  Y 219000
X 190514  Y 204313
X 190999  Y 212656
X 195343  Y 211843
X 196500  Y 207500
X 201573  Y 219000
X 216000  Y 219000
X 234948  Y 217172
X 252500  Y 227500
X 258718  Y 221365
X 264999  Y 216672
X 267000  Y 208328
X 271343  Y 207178
X 278000  Y 210000
X 283500  Y 213500
X 291156  Y 207999
X 293500  Y 219500
X 297460  Y 226960
X 299500  Y 205000
X 302500  Y 209000
X 305094  Y 212547
X 307015  Y 203170
X 308865  Y 222797
X 309499  Y 210352
X 322999  Y 222956
X 323570  Y 203699
X 323664  Y 227835
X 324629  Y 210042
X 327034  Y 225063
X 333378  Y 227235
X 334000  Y 216499
X 337661  Y 206001
X 342385  Y 221614
X 343000  Y 203000
X 346821  Y 205321
X 362500  Y 211500
X 362521  Y 226649
X 363500  Y 218500
X 370000  Y 219500
X 372999  Y 225678
X 373500  Y 208000
X 373500  Y 215519
X 390500  Y 215000
X 390500  Y 227000
X 390828  Y 204828
X 396843  Y 227999
X 397171  Y 204999
X 397843  Y 221499
X 401771  Y 208271
X 414000  Y 213500
X 415186  Y 227999
X 442500  Y 217500
X 442500  Y 245000
X 442500  Y 232500
X 427500  Y 232500
X 427500  Y 245000
X 418500  Y 252500
X 405000  Y 252500
X 393556  Y 242728
X 386499  Y 236272
X 358656  Y 237054
X 355191  Y 240706
X 348500  Y 242500
X 347871  Y 234499
X 347000  Y 228500
X 339527  Y 232884
X 337843  Y 237411
X 335693  Y 241404
X 330500  Y 233578
X 326629  Y 240071
X 325914  Y 231728
X 321375  Y 251184
X 309823  Y 240165
X 307844  Y 232125
X 305000  Y 237970
X 305000  Y 244313
X 304700  Y 252656
X 303016  Y 233429
X 294328  Y 238828
X 289500  Y 240828
X 284668  Y 233027
X 280706  Y 242297
X 275160  Y 243007
X 262599  Y 236000
X 262599  Y 230999
X 258143  Y 244747
X 250000  Y 251500
X 242702  Y 251631
X 241500  Y 235500
X 237500  Y 232500
X 228500  Y 245000
X 224500  Y 232500
X 217000  Y 247500
X 212000  Y 240000
X 208500  Y 251000
X 208000  Y 230500
X 205000  Y 248000
X 201500  Y 245000
X 197000  Y 241000
X 196843  Y 236243
X 195500  Y 248000
X 190500  Y 234000
X 186000  Y 234000
X 185500  Y 248000
X 182500  Y 242000
X 176000  Y 234000
X 172500  Y 237500
X 167000  Y 229000
X 165000  Y 236000
X 158500  Y 233500
X 154000  Y 240000
X 114000  Y 260500
X 143656  Y 270000
X 151999  Y 276343
X 152000  Y 270000
X 154000  Y 254000
X 159000  Y 275000
X 162000  Y 258500
X 162500  Y 269260
X 163582  Y 262917
X 172500  Y 254500
X 179999  Y 268328
X 186999  Y 265004
X 189992  Y 254992
X 194343  Y 267156
X 208366  Y 260648
X 208499  Y 256304
X 211656  Y 266328
X 232500  Y 274296
X 234885  Y 255614
X 237804  Y 270804
X 244148  Y 271000
X 251396  Y 266603
X 260093  Y 262369
X 271236  Y 259870
X 281356  Y 277999
X 286999  Y 265671
X 293600  Y 258100
X 297500  Y 266000
X 308000  Y 265000
X 310036  Y 256656
X 310770  Y 271952
X 316090  Y 267720
X 318379  Y 254330
X 321232  Y 257620
X 322233  Y 262063
X 330500  Y 259500
X 330576  Y 264845
X 331608  Y 255283
X 336919  Y 266623
X 337952  Y 255156
X 342000  Y 264000
X 344095  Y 255499
X 348500  Y 272500
X 358021  Y 255522
X 358271  Y 262750
X 362820  Y 255499
X 379691  Y 258192
X 382013  Y 262013
X 387000  Y 274000
X 395557  Y 265499
X 404356  Y 256843
X 415900  Y 270500
X 443000  Y 277500
X 443000  Y 257500
X 443000  Y 267500
X 443000  Y 297500
X 443000  Y 287500
X 421493  Y 278156
X 421334  Y 282500
X 421071  Y 290928
X 418500  Y 294500
X 408500  Y 279000
X 408186  Y 284499
X 387000  Y 278500
X 385000  Y 301500
X 383500  Y 297156
X 369328  Y 292328
X 369000  Y 285984
X 364843  Y 280843
X 358264  Y 280235
X 355157  Y 291657
X 346500  Y 284172
X 343000  Y 300000
X 337000  Y 288004
X 325462  Y 289343
X 317000  Y 293000
X 315999  Y 278521
X 305999  Y 286301
X 300866  Y 291866
X 292000  Y 286645
X 290499  Y 280301
X 279000  Y 282000
X 265000  Y 280000
X 264000  Y 301500
X 245000  Y 279000
X 216500  Y 280671
X 211678  Y 282671
X 197000  Y 279804
X 192563  Y 288436
X 183000  Y 293500
X 174500  Y 297500
X 171500  Y 279000
X 171000  Y 289500
X 146000  Y 282500
X 142500  Y 293000
X 142000  Y 284500
X 106178  Y 323321
X 106499  Y 315343
X 106571  Y 310499
X 110000  Y 321000
X 142924  Y 308097
X 145031  Y 317500
X 155500  Y 318000
X 167499  Y 312168
X 176398  Y 317898
X 178500  Y 313500
X 192500  Y 316500
X 192999  Y 312156
X 193843  Y 325412
X 198999  Y 311589
X 212000  Y 327500
X 222946  Y 327553
X 232656  Y 327500
X 239000  Y 327975
X 271000  Y 309500
X 282020  Y 322499
X 284500  Y 310000
X 308500  Y 323000
X 321500  Y 312500
X 321500  Y 317500
X 321500  Y 307500
X 343000  Y 320000
X 359647  Y 322999
X 365991  Y 322999
X 369000  Y 312499
X 373134  Y 317500
X 383000  Y 316000
X 397500  Y 323500
X 400000  Y 319500
X 421500  Y 305000
X 421534  Y 312499
X 443000  Y 327500
X 443000  Y 317500
X 442500  Y 340000
X 442500  Y 350000
X 396000  Y 330500
X 382500  Y 335000
X 366093  Y 333593
X 366000  Y 337936
X 345500  Y 347500
X 340000  Y 340000
X 335000  Y 340000
X 321500  Y 335500
X 312571  Y 345571
X 310500  Y 341500
X 307821  Y 330321
X 303000  Y 335500
X 302999  Y 345077
X 283000  Y 328000
X 282754  Y 345254
X 272737  Y 337500
X 266500  Y 345500
X 243000  Y 345500
X 226000  Y 331500
X 212070  Y 336000
X 209000  Y 346000
X 205499  Y 329179
X 204656  Y 345500
X 201000  Y 352500
X 168500  Y 334500
X 165778  Y 349500
X 157907  Y 329093
X 155500  Y 339500
X 141000  Y 350000
X 116000  Y 328500
X 149345  Y 375000
X 154500  Y 353000
X 155688  Y 376999
X 158000  Y 367000
X 160000  Y 375000
X 167999  Y 358343
X 168578  Y 353999
X 179500  Y 372000
X 185500  Y 367000
X 191843  Y 364500
X 194500  Y 361000
X 203500  Y 365000
X 203821  Y 355821
X 212000  Y 375500
X 220000  Y 360000
X 220000  Y 353500
X 235000  Y 360000
X 250000  Y 360000
X 260000  Y 360000
X 281500  Y 365000
X 292000  Y 358500
X 294000  Y 376000
X 305000  Y 357500
X 310285  Y 356643
X 348500  Y 370000
X 349552  Y 361505
X 369000  Y 360500
X 377500  Y 360500
X 380500  Y 364500
X 385000  Y 375000
X 390500  Y 357000
X 400000  Y 375000
X 408000  Y 355000
X 442500  Y 360000
X 442500  Y 370000
X 442500  Y 380000
X 442500  Y 390000
X 442500  Y 400000
X 418831  Y 380378
X 371000  Y 379500
X 309500  Y 382500
X 265500  Y 383000
X 254000  Y 383500
X 243000  Y 388500
X 176000  Y 385000
X 149485  Y 385985
X 146000  Y 380500
X 145000  Y 389000
X 104000  Y 378000
X 114000  Y 417000
X 116258  Y 423741
X 126008  Y 425508
X 148500  Y 422500
X 161000  Y 419000
X 177000  Y 415500
X 192500  Y 419000
X 205000  Y 425000
X 218071  Y 410137
X 222000  Y 427500
X 229000  Y 403500
X 255000  Y 426000
X 276547  Y 410787
X 305000  Y 409000
X 315000  Y 425000
X 325000  Y 415000
X 335000  Y 425000
X 335000  Y 415000
X 364500  Y 403500
X 382569  Y 412419
X 414815  Y 412419
X 442500  Y 427500
X 442500  Y 437500
X 442500  Y 447500
X 430000  Y 450000
X 428500  Y 444000
X 424000  Y 447500
X 420697  Y 451088
X 386741  Y 432910
X 364000  Y 446500
X 357747  Y 437954
X 335000  Y 435000
X 330000  Y 450000
X 325000  Y 435000
X 313000  Y 448000
X 295000  Y 440000
X 285000  Y 440000
X 275000  Y 440000
X 262000  Y 441500
X 250000  Y 430000
X 243000  Y 428000
X 189000  Y 435000
X 183500  Y 433000
X 179548  Y 438457
X 106500  Y 465000
X 128643  Y 470907
X 135500  Y 467000
X 160500  Y 467000
X 182099  Y 471515
X 193500  Y 468000
X 223455  Y 462281
X 256500  Y 465500
X 265602  Y 463799
X 304500  Y 454000
X 307917  Y 461721
X 343500  Y 465500
X 352500  Y 468000
X 363499  Y 468969
X 370000  Y 455000
X 370000  Y 475000
X 443256  Y 467558
X 441392  Y 484163
X 439528  Y 500676
X 435000  Y 497500
X 430000  Y 480000
X 430000  Y 485000
X 422019  Y 484619
X 388996  Y 500865
X 370000  Y 485000
X 328695  Y 480139
X 328000  Y 492500
X 300500  Y 491000
X 285720  Y 479477
X 262000  Y 502000
X 247000  Y 482000
X 243669  Y 479188
X 226000  Y 499500
X 189000  Y 480500
X 132000  Y 492000
X 135000  Y 525000
X 135000  Y 515000
X 205000  Y 505000
X 220000  Y 515000
X 235000  Y 515000
X 235000  Y 525000
X 250000  Y 515000
X 250000  Y 525000
X 290000  Y 510000
X 300000  Y 510000
X 300000  Y 520000
X 304000  Y 507000
X 320000  Y 520000
X 341596  Y 505303
X 341726  Y 522532
X 354500  Y 518000
X 380000  Y 525000
X 386563  Y 515363
X 436859  Y 516815
X 440000  Y 550000
X 425000  Y 535000
X 420000  Y 550000
X 404500  Y 543000
X 395000  Y 535000
X 385000  Y 540000
X 385000  Y 550000
X 375000  Y 550000
X 365000  Y 550000
X 356307  Y 536111
X 330000  Y 545000
X 326932  Y 536678
X 220000  Y 545000
X 205000  Y 545000
X 205000  Y 535000
X 195000  Y 545000
X 195000  Y 535000
X 185000  Y 545000
X 185000  Y 535000
X 155000  Y 535000
X 145000  Y 535000
X 145000  Y 545000
X 135000  Y 545000
X 135000  Y 535000
X 135000  Y 555000
X 135000  Y 565000
X 145000  Y 565000
X 145000  Y 555000
X 155000  Y 565000
X 165000  Y 555000
X 175000  Y 555000
X 185000  Y 565000
X 185000  Y 555000
X 195000  Y 555000
X 195000  Y 565000
X 205000  Y 555000
X 205000  Y 565000
X 220000  Y 555000
X 220000  Y 565000
X 235000  Y 555000
X 235000  Y 565000
X 250000  Y 565000
X 250000  Y 555000
X 265000  Y 565000
X 290000  Y 565000
X 300000  Y 565000
X 310000  Y 555000
X 310000  Y 565000
X 330000  Y 555000
X 330000  Y 565000
X 345000  Y 565000
X 355000  Y 565000
X 365000  Y 565000
X 375000  Y 565000
X 385000  Y 565000
X 395000  Y 565000
X 405000  Y 565000
X 420000  Y 565000
X 440000  Y 565000

Drill: .03  Tool: 2  Feed: 197  Speed: 550
X 114823  Y 144504
X 114823  Y 134504
X 114823  Y 164504
X 114823  Y 154504
X 114823  Y 174504
X 114823  Y 184504

Drill: .035  Tool: 3  Feed: 197  Speed: 550
X 169577  Y 563285 X 177100  Y 563285
X 169577  Y 540485 X 177100  Y 540485
X 154439  Y 555846 X 154439  Y 548323

Drill: .03622  Tool: 4  Feed: 197  Speed: 550
X 368156  Y 534684
X 368180  Y 542518
X 377908  Y 542518
X 377920  Y 534684

Drill: .03937  Tool: 5  Feed: 197  Speed: 550
X 130000  Y 106000
X 140000  Y 106000
X 150000  Y 106000
X 160000  Y 106000
X 170000  Y 106000
X 180000  Y 106000
X 106900  Y 196200
X 106900  Y 206200
X 439800  Y 538300
X 439800  Y 528900

Drill: .03937  Tool: 6  Feed: 197  Speed: 550
X 108500  Y 513500
X 108500  Y 531200

Drill: .04724  Tool: 7  Feed: 139  Speed: 550
X 124685  Y 225000
X 124685  Y 245000
X 124685  Y 235000
X 135314  Y 225000
X 135314  Y 235000
X 135314  Y 245000
X 135314  Y 255000
X 135314  Y 265000
X 135314  Y 275000
X 135314  Y 285000
X 135314  Y 295000
X 124685  Y 255000
X 124685  Y 295000
X 124685  Y 285000
X 124685  Y 275000
X 124685  Y 265000
X 124685  Y 325000
X 124685  Y 315000
X 124685  Y 305000
X 124685  Y 335000
X 124685  Y 345000
X 135314  Y 325000
X 135314  Y 305000
X 135314  Y 315000
X 135314  Y 335000
X 135314  Y 345000
X 135314  Y 355000
X 135314  Y 365000
X 135314  Y 375000
X 135314  Y 385000
X 135314  Y 395000
X 124685  Y 375000
X 124685  Y 385000
X 124685  Y 395000
X 124685  Y 355000
X 124685  Y 365000
X 124685  Y 415000
X 124685  Y 405000
X 135314  Y 405000
X 135314  Y 415000

Drill: .04724  Tool: 8  Feed: 139  Speed: 550
X 118300  Y 508600
X 118300  Y 536100

Drill: .09055  Tool: 9  Feed: 66  Speed: 550
X 349298  Y 553227
X 396700  Y 553227

End of Listing
